
> periodya@0.1.0 build
> prisma generate && prisma migrate deploy && next build

Environment variables loaded from .env
Prisma schema loaded from prisma\schema.prisma

✔ Generated Prisma Client (v5.22.0) to .\node_modules\@prisma\client in 4.92s

Start by importing your Prisma Client (See: https://pris.ly/d/importing-client)

Tip: Need your database queries to be 1000x faster? Accelerate offers you that and more: https://pris.ly/tip-2-accelerate

Environment variables loaded from .env
Prisma schema loaded from prisma\schema.prisma
Datasource "db": PostgreSQL database "neondb", schema "public" at "ep-billowing-glade-agt0zp7m-pooler.c-2.eu-central-1.aws.neon.tech"

27 migrations found in prisma/migrations


No pending migrations to apply.
▲ Next.js 16.1.4 (Turbopack)
- Environments: .env.production.local, .env.local, .env.production, .env

⚠ The "middleware" file convention is deprecated. Please use "proxy" instead. Learn more: https://nextjs.org/docs/messages/middleware-to-proxy
  Creating an optimized production build ...
✓ Compiled successfully in 47s
  Skipping validation of types
  Collecting page data using 7 workers ...
[Prisma] Initializing PrismaClientSingleton v2 (Robust Isolation)
[Prisma] Initializing PrismaClientSingleton v2 (Robust Isolation)
[Prisma] Initializing PrismaClientSingleton v2 (Robust Isolation)
[Prisma] Initializing PrismaClientSingleton v2 (Robust Isolation)
[Prisma] Initializing PrismaClientSingleton v2 (Robust Isolation)
[Prisma] Initializing PrismaClientSingleton v2 (Robust Isolation)
[Prisma] Initializing PrismaClientSingleton v2 (Robust Isolation)
⚠️ REDIS_URL is missing. Redis functionality will be limited.
⚠️ REDIS_URL is missing. Redis functionality will be limited.
AggregateError: 
    at ignore-listed frames {
  code: 'ECONNREFUSED'
}
AggregateError: 
    at ignore-listed frames {
  code: 'ECONNREFUSED'
}
AggregateError: 
    at ignore-listed frames {
  code: 'ECONNREFUSED'
}
AggregateError: 
    at ignore-listed frames {
  code: 'ECONNREFUSED'
}
AggregateError: 
    at ignore-listed frames {
  code: 'ECONNREFUSED'
}
AggregateError: 
    at ignore-listed frames {
  code: 'ECONNREFUSED'
}
AggregateError: 
    at ignore-listed frames {
  code: 'ECONNREFUSED'
}
Error: Connection is closed.
    at ignore-listed frames
AggregateError: 
    at ignore-listed frames {
  code: 'ECONNREFUSED'
}
AggregateError: 
    at ignore-listed frames {
  code: 'ECONNREFUSED'
}
{"event":"redis_error","timestamp":"2026-03-05T20:07:29.915Z","error":"","status":"error"}
AggregateError: 
    at ignore-listed frames {
  code: 'ECONNREFUSED'
}
AggregateError: 
    at ignore-listed frames {
  code: 'ECONNREFUSED'
}
AggregateError: 
    at ignore-listed frames {
  code: 'ECONNREFUSED'
}
AggregateError: 
    at ignore-listed frames {
  code: 'ECONNREFUSED'
}
AggregateError: 
    at ignore-listed frames {
  code: 'ECONNREFUSED'
}
Error: Connection is closed.
    at ignore-listed frames
AggregateError: 
    at ignore-listed frames {
  code: 'ECONNREFUSED'
}
{"event":"redis_error","timestamp":"2026-03-05T20:07:30.101Z","error":"","status":"error"}
AggregateError: 
    at ignore-listed frames {
  code: 'ETIMEDOUT'
}
AggregateError: 
    at ignore-listed frames {
  code: 'ETIMEDOUT'
}
AggregateError: 
    at ignore-listed frames {
  code: 'ETIMEDOUT'
}
AggregateError: 
    at ignore-listed frames {
  code: 'ETIMEDOUT'
}
AggregateError: 
    at ignore-listed frames {
  code: 'ETIMEDOUT'
}
AggregateError: 
    at ignore-listed frames {
  code: 'ETIMEDOUT'
}
AggregateError: 
    at ignore-listed frames {
  code: 'ETIMEDOUT'
}
Error: Connection is closed.
    at ignore-listed frames
AggregateError: 
    at ignore-listed frames {
  code: 'ECONNREFUSED'
}
Error: Connection is closed.
    at ignore-listed frames
⚠️ REDIS_URL is missing. Redis functionality will be limited.
{"event":"redis_error","timestamp":"2026-03-05T20:07:30.761Z","error":"","status":"error"}
AggregateError: 
    at ignore-listed frames {
  code: 'ECONNREFUSED'
}
AggregateError: 
    at ignore-listed frames {
  code: 'ECONNREFUSED'
}
AggregateError: 
    at ignore-listed frames {
  code: 'ECONNREFUSED'
}
AggregateError: 
    at ignore-listed frames {
  code: 'ECONNREFUSED'
}
AggregateError: 
    at ignore-listed frames {
  code: 'ECONNREFUSED'
}
AggregateError: 
    at ignore-listed frames {
  code: 'ECONNREFUSED'
}
AggregateError: 
    at ignore-listed frames {
  code: 'ECONNREFUSED'
}
AggregateError: 
    at ignore-listed frames {
  code: 'ECONNREFUSED'
}
{"event":"redis_error","timestamp":"2026-03-05T20:07:30.898Z","error":"","status":"error"}
AggregateError: 
    at ignore-listed frames {
  code: 'ECONNREFUSED'
}
⚠️ REDIS_URL is missing. Redis functionality will be limited.
{"event":"redis_error","timestamp":"2026-03-05T20:07:31.084Z","error":"","status":"error"}
AggregateError: 
    at ignore-listed frames {
  code: 'ECONNREFUSED'
}
AggregateError: 
    at ignore-listed frames {
  code: 'ECONNREFUSED'
}
{"event":"redis_error","timestamp":"2026-03-05T20:07:31.106Z","error":"","status":"error"}
AggregateError: 
    at ignore-listed frames {
  code: 'ECONNREFUSED'
}
AggregateError: 
    at ignore-listed frames {
  code: 'ECONNREFUSED'
}
AggregateError: 
    at ignore-listed frames {
  code: 'ECONNREFUSED'
}
AggregateError: 
    at ignore-listed frames {
  code: 'ECONNREFUSED'
}
AggregateError: 
    at ignore-listed frames {
  code: 'ECONNREFUSED'
}
AggregateError: 
    at ignore-listed frames {
  code: 'ECONNREFUSED'
}
AggregateError: 
    at ignore-listed frames {
  code: 'ECONNREFUSED'
}
AggregateError: 
    at ignore-listed frames {
  code: 'ECONNREFUSED'
}
AggregateError: 
    at ignore-listed frames {
  code: 'ECONNREFUSED'
}
AggregateError: 
    at ignore-listed frames {
  code: 'ECONNREFUSED'
}
AggregateError: 
    at ignore-listed frames {
  code: 'ECONNREFUSED'
}
AggregateError: 
    at ignore-listed frames {
  code: 'ECONNREFUSED'
}
AggregateError: 
    at ignore-listed frames {
  code: 'ECONNREFUSED'
}
AggregateError: 
    at ignore-listed frames {
  code: 'ECONNREFUSED'
}
Error: Connection is closed.
    at ignore-listed frames
AggregateError: 
    at ignore-listed frames {
  code: 'ECONNREFUSED'
}
AggregateError: 
    at ignore-listed frames {
  code: 'ECONNREFUSED'
}
AggregateError: 
    at ignore-listed frames {
  code: 'ECONNREFUSED'
}
AggregateError: 
    at ignore-listed frames {
  code: 'ECONNREFUSED'
}
AggregateError: 
    at ignore-listed frames {
  code: 'ECONNREFUSED'
}
AggregateError: 
    at ignore-listed frames {
  code: 'ECONNREFUSED'
}
AggregateError: 
    at ignore-listed frames {
  code: 'ECONNREFUSED'
}
{"event":"redis_error","timestamp":"2026-03-05T20:07:31.365Z","error":"","status":"error"}
AggregateError: 
    at ignore-listed frames {
  code: 'ECONNREFUSED'
}
AggregateError: 
    at ignore-listed frames {
  code: 'ECONNREFUSED'
}
AggregateError: 
    at ignore-listed frames {
  code: 'ECONNREFUSED'
}
AggregateError: 
    at ignore-listed frames {
  code: 'ECONNREFUSED'
}
AggregateError: 
    at ignore-listed frames {
  code: 'ECONNREFUSED'
}
AggregateError: 
    at ignore-listed frames {
  code: 'ECONNREFUSED'
}
AggregateError: 
    at ignore-listed frames {
  code: 'ECONNREFUSED'
}
AggregateError: 
    at ignore-listed frames {
  code: 'ECONNREFUSED'
}
AggregateError: 
    at ignore-listed frames {
  code: 'ECONNREFUSED'
}
AggregateError: 
    at ignore-listed frames {
  code: 'ECONNREFUSED'
}
AggregateError: 
    at ignore-listed frames {
  code: 'ECONNREFUSED'
}
AggregateError: 
    at ignore-listed frames {
  code: 'ECONNREFUSED'
}
AggregateError: 
    at ignore-listed frames {
  code: 'ECONNREFUSED'
}
AggregateError: 
    at ignore-listed frames {
  code: 'ECONNREFUSED'
}
AggregateError: 
    at ignore-listed frames {
  code: 'ECONNREFUSED'
}
⚠️ REDIS_URL is missing. Redis functionality will be limited.
{"event":"redis_error","timestamp":"2026-03-05T20:07:31.553Z","error":"","status":"error"}
AggregateError: 
    at ignore-listed frames {
  code: 'ECONNREFUSED'
}
AggregateError: 
    at ignore-listed frames {
  code: 'ECONNREFUSED'
}
AggregateError: 
    at ignore-listed frames {
  code: 'ECONNREFUSED'
}
AggregateError: 
    at ignore-listed frames {
  code: 'ECONNREFUSED'
}
AggregateError: 
    at ignore-listed frames {
  code: 'ECONNREFUSED'
}
AggregateError: 
    at ignore-listed frames {
  code: 'ECONNREFUSED'
}
AggregateError: 
    at ignore-listed frames {
  code: 'ECONNREFUSED'
}
AggregateError: 
    at ignore-listed frames {
  code: 'ECONNREFUSED'
}
AggregateError: 
    at ignore-listed frames {
  code: 'ECONNREFUSED'
}
AggregateError: 
    at ignore-listed frames {
  code: 'ECONNREFUSED'
}
AggregateError: 
    at ignore-listed frames {
  code: 'ECONNREFUSED'
}
AggregateError: 
    at ignore-listed frames {
  code: 'ECONNREFUSED'
}
AggregateError: 
    at ignore-listed frames {
  code: 'ECONNREFUSED'
}
AggregateError: 
    at ignore-listed frames {
  code: 'ECONNREFUSED'
}
AggregateError: 
    at ignore-listed frames {
  code: 'ECONNREFUSED'
}
AggregateError: 
    at ignore-listed frames {
  code: 'ECONNREFUSED'
}
AggregateError: 
    at ignore-listed frames {
  code: 'ECONNREFUSED'
}
⚠️ REDIS_URL is missing. Redis functionality will be limited.
AggregateError: 
    at ignore-listed frames {
  code: 'ECONNREFUSED'
}
AggregateError: 
    at ignore-listed frames {
  code: 'ECONNREFUSED'
}
AggregateError: 
    at ignore-listed frames {
  code: 'ECONNREFUSED'
}
AggregateError: 
    at ignore-listed frames {
  code: 'ECONNREFUSED'
}
AggregateError: 
    at ignore-listed frames {
  code: 'ECONNREFUSED'
}
AggregateError: 
    at ignore-listed frames {
  code: 'ECONNREFUSED'
}
AggregateError: 
    at ignore-listed frames {
  code: 'ECONNREFUSED'
}
{"event":"redis_error","timestamp":"2026-03-05T20:07:32.037Z","error":"","status":"error"}
AggregateError: 
    at ignore-listed frames {
  code: 'ECONNREFUSED'
}
AggregateError: 
    at ignore-listed frames {
  code: 'ECONNREFUSED'
}
Error: Connection is closed.
    at ignore-listed frames
[Prisma] Initializing PrismaClientSingleton v2 (Robust Isolation)
[Prisma] Initializing PrismaClientSingleton v2 (Robust Isolation)
[Prisma] Initializing PrismaClientSingleton v2 (Robust Isolation)
[Prisma] Initializing PrismaClientSingleton v2 (Robust Isolation)
AggregateError: 
    at ignore-listed frames {
  code: 'ECONNREFUSED'
}
AggregateError: 
    at ignore-listed frames {
  code: 'ECONNREFUSED'
}
AggregateError: 
    at ignore-listed frames {
  code: 'ECONNREFUSED'
}
AggregateError: 
    at ignore-listed frames {
  code: 'ECONNREFUSED'
}
AggregateError: 
    at ignore-listed frames {
  code: 'ECONNREFUSED'
}
AggregateError: 
    at ignore-listed frames {
  code: 'ECONNREFUSED'
}
AggregateError: 
    at ignore-listed frames {
  code: 'ECONNREFUSED'
}
AggregateError: 
    at ignore-listed frames {
  code: 'ECONNREFUSED'
}
AggregateError: 
    at ignore-listed frames {
  code: 'ECONNREFUSED'
}
AggregateError: 
    at ignore-listed frames {
  code: 'ECONNREFUSED'
}
AggregateError: 
    at ignore-listed frames {
  code: 'ECONNREFUSED'
}
AggregateError: 
    at ignore-listed frames {
  code: 'ECONNREFUSED'
}
AggregateError: 
    at ignore-listed frames {
  code: 'ECONNREFUSED'
}
AggregateError: 
    at ignore-listed frames {
  code: 'ECONNREFUSED'
}
Error: Connection is closed.
    at ignore-listed frames
AggregateError: 
    at ignore-listed frames {
  code: 'ECONNREFUSED'
}
AggregateError: 
    at ignore-listed frames {
  code: 'ECONNREFUSED'
}
AggregateError: 
    at ignore-listed frames {
  code: 'ECONNREFUSED'
}
AggregateError: 
    at ignore-listed frames {
  code: 'ECONNREFUSED'
}
AggregateError: 
    at ignore-listed frames {
  code: 'ECONNREFUSED'
}
AggregateError: 
    at ignore-listed frames {
  code: 'ECONNREFUSED'
}
AggregateError: 
    at ignore-listed frames {
  code: 'ECONNREFUSED'
}
AggregateError: 
    at ignore-listed frames {
  code: 'ECONNREFUSED'
}
AggregateError: 
    at ignore-listed frames {
  code: 'ECONNREFUSED'
}
AggregateError: 
    at ignore-listed frames {
  code: 'ECONNREFUSED'
}
AggregateError: 
    at ignore-listed frames {
  code: 'ECONNREFUSED'
}
AggregateError: 
    at ignore-listed frames {
  code: 'ECONNREFUSED'
}
AggregateError: 
    at ignore-listed frames {
  code: 'ECONNREFUSED'
}
AggregateError: 
    at ignore-listed frames {
  code: 'ECONNREFUSED'
}
Error: Connection is closed.
    at ignore-listed frames
AggregateError: 
    at ignore-listed frames {
  code: 'ECONNREFUSED'
}
AggregateError: 
    at ignore-listed frames {
  code: 'ECONNREFUSED'
}
AggregateError: 
    at ignore-listed frames {
  code: 'ECONNREFUSED'
}
AggregateError: 
    at ignore-listed frames {
  code: 'ECONNREFUSED'
}
AggregateError: 
    at ignore-listed frames {
  code: 'ECONNREFUSED'
}
AggregateError: 
    at ignore-listed frames {
  code: 'ECONNREFUSED'
}
AggregateError: 
    at ignore-listed frames {
  code: 'ECONNREFUSED'
}
Error: Connection is closed.
    at ignore-listed frames
{"event":"redis_error","timestamp":"2026-03-05T20:07:32.984Z","error":"","status":"error"}
AggregateError: 
    at ignore-listed frames {
  code: 'ECONNREFUSED'
}
AggregateError: 
    at ignore-listed frames {
  code: 'ECONNREFUSED'
}
AggregateError: 
    at ignore-listed frames {
  code: 'ECONNREFUSED'
}
AggregateError: 
    at ignore-listed frames {
  code: 'ECONNREFUSED'
}
AggregateError: 
    at ignore-listed frames {
  code: 'ECONNREFUSED'
}
AggregateError: 
    at ignore-listed frames {
  code: 'ECONNREFUSED'
}
AggregateError: 
    at ignore-listed frames {
  code: 'ECONNREFUSED'
}
AggregateError: 
    at ignore-listed frames {
  code: 'ECONNREFUSED'
}
AggregateError: 
    at ignore-listed frames {
  code: 'ECONNREFUSED'
}
AggregateError: 
    at ignore-listed frames {
  code: 'ECONNREFUSED'
}
AggregateError: 
    at ignore-listed frames {
  code: 'ECONNREFUSED'
}
AggregateError: 
    at ignore-listed frames {
  code: 'ECONNREFUSED'
}
AggregateError: 
    at ignore-listed frames {
  code: 'ECONNREFUSED'
}
AggregateError: 
    at ignore-listed frames {
  code: 'ECONNREFUSED'
}
AggregateError: 
    at ignore-listed frames {
  code: 'ECONNREFUSED'
}
AggregateError: 
    at ignore-listed frames {
  code: 'ECONNREFUSED'
}
AggregateError: 
    at ignore-listed frames {
  code: 'ECONNREFUSED'
}
AggregateError: 
    at ignore-listed frames {
  code: 'ECONNREFUSED'
}
AggregateError: 
    at ignore-listed frames {
  code: 'ECONNREFUSED'
}
AggregateError: 
    at ignore-listed frames {
  code: 'ECONNREFUSED'
}
AggregateError: 
    at ignore-listed frames {
  code: 'ECONNREFUSED'
}
AggregateError: 
    at ignore-listed frames {
  code: 'ECONNREFUSED'
}
AggregateError: 
    at ignore-listed frames {
  code: 'ECONNREFUSED'
}
[Prisma] Initializing PrismaClientSingleton v2 (Robust Isolation)
AggregateError: 
    at ignore-listed frames {
  code: 'ECONNREFUSED'
}
AggregateError: 
    at ignore-listed frames {
  code: 'ECONNREFUSED'
}
AggregateError: 
    at ignore-listed frames {
  code: 'ECONNREFUSED'
}
AggregateError: 
    at ignore-listed frames {
  code: 'ECONNREFUSED'
}
AggregateError: 
    at ignore-listed frames {
  code: 'ECONNREFUSED'
}
AggregateError: 
    at ignore-listed frames {
  code: 'ECONNREFUSED'
}
AggregateError: 
    at ignore-listed frames {
  code: 'ECONNREFUSED'
}
{"event":"redis_error","timestamp":"2026-03-05T20:07:33.189Z","error":"","status":"error"}
AggregateError: 
    at ignore-listed frames {
  code: 'ECONNREFUSED'
}
AggregateError: 
    at ignore-listed frames {
  code: 'ECONNREFUSED'
}
AggregateError: 
    at ignore-listed frames {
  code: 'ECONNREFUSED'
}
AggregateError: 
    at ignore-listed frames {
  code: 'ECONNREFUSED'
}
AggregateError: 
    at ignore-listed frames {
  code: 'ECONNREFUSED'
}
AggregateError: 
    at ignore-listed frames {
  code: 'ECONNREFUSED'
}
AggregateError: 
    at ignore-listed frames {
  code: 'ECONNREFUSED'
}
AggregateError: 
    at ignore-listed frames {
  code: 'ECONNREFUSED'
}
AggregateError: 
    at ignore-listed frames {
  code: 'ECONNREFUSED'
}
AggregateError: 
    at ignore-listed frames {
  code: 'ECONNREFUSED'
}
AggregateError: 
    at ignore-listed frames {
  code: 'ECONNREFUSED'
}
AggregateError: 
    at ignore-listed frames {
  code: 'ECONNREFUSED'
}
AggregateError: 
    at ignore-listed frames {
  code: 'ECONNREFUSED'
}
AggregateError: 
    at ignore-listed frames {
  code: 'ECONNREFUSED'
}
AggregateError: 
    at ignore-listed frames {
  code: 'ECONNREFUSED'
}
AggregateError: 
    at ignore-listed frames {
  code: 'ECONNREFUSED'
}
AggregateError: 
    at ignore-listed frames {
  code: 'ECONNREFUSED'
}
AggregateError: 
    at ignore-listed frames {
  code: 'ECONNREFUSED'
}
AggregateError: 
    at ignore-listed frames {
  code: 'ECONNREFUSED'
}
AggregateError: 
    at ignore-listed frames {
  code: 'ECONNREFUSED'
}
AggregateError: 
    at ignore-listed frames {
  code: 'ECONNREFUSED'
}
AggregateError: 
    at ignore-listed frames {
  code: 'ECONNREFUSED'
}
AggregateError: 
    at ignore-listed frames {
  code: 'ECONNREFUSED'
}
AggregateError: 
    at ignore-listed frames {
  code: 'ECONNREFUSED'
}
AggregateError: 
    at ignore-listed frames {
  code: 'ECONNREFUSED'
}
AggregateError: 
    at ignore-listed frames {
  code: 'ECONNREFUSED'
}
AggregateError: 
    at ignore-listed frames {
  code: 'ECONNREFUSED'
}
AggregateError: 
    at ignore-listed frames {
  code: 'ECONNREFUSED'
}
AggregateError: 
    at ignore-listed frames {
  code: 'ECONNREFUSED'
}
AggregateError: 
    at ignore-listed frames {
  code: 'ECONNREFUSED'
}
{"event":"redis_error","timestamp":"2026-03-05T20:07:33.428Z","error":"","status":"error"}
AggregateError: 
    at ignore-listed frames {
  code: 'ECONNREFUSED'
}
AggregateError: 
    at ignore-listed frames {
  code: 'ECONNREFUSED'
}
AggregateError: 
    at ignore-listed frames {
  code: 'ECONNREFUSED'
}
AggregateError: 
    at ignore-listed frames {
  code: 'ECONNREFUSED'
}
AggregateError: 
    at ignore-listed frames {
  code: 'ECONNREFUSED'
}
AggregateError: 
    at ignore-listed frames {
  code: 'ECONNREFUSED'
}
AggregateError: 
    at ignore-listed frames {
  code: 'ECONNREFUSED'
}
AggregateError: 
    at ignore-listed frames {
  code: 'ECONNREFUSED'
}
AggregateError: 
    at ignore-listed frames {
  code: 'ECONNREFUSED'
}
AggregateError: 
    at ignore-listed frames {
  code: 'ECONNREFUSED'
}
AggregateError: 
    at ignore-listed frames {
  code: 'ECONNREFUSED'
}
AggregateError: 
    at ignore-listed frames {
  code: 'ECONNREFUSED'
}
AggregateError: 
    at ignore-listed frames {
  code: 'ECONNREFUSED'
}
AggregateError: 
    at ignore-listed frames {
  code: 'ECONNREFUSED'
}
AggregateError: 
    at ignore-listed frames {
  code: 'ECONNREFUSED'
}
AggregateError: 
    at ignore-listed frames {
  code: 'ECONNREFUSED'
}
AggregateError: 
    at ignore-listed frames {
  code: 'ECONNREFUSED'
}
AggregateError: 
    at ignore-listed frames {
  code: 'ECONNREFUSED'
}
AggregateError: 
    at ignore-listed frames {
  code: 'ECONNREFUSED'
}
AggregateError: 
    at ignore-listed frames {
  code: 'ECONNREFUSED'
}
AggregateError: 
    at ignore-listed frames {
  code: 'ECONNREFUSED'
}
AggregateError: 
    at ignore-listed frames {
  code: 'ECONNREFUSED'
}
AggregateError: 
    at ignore-listed frames {
  code: 'ECONNREFUSED'
}
AggregateError: 
    at ignore-listed frames {
  code: 'ECONNREFUSED'
}
AggregateError: 
    at ignore-listed frames {
  code: 'ECONNREFUSED'
}
AggregateError: 
    at ignore-listed frames {
  code: 'ECONNREFUSED'
}
AggregateError: 
    at ignore-listed frames {
  code: 'ECONNREFUSED'
}
AggregateError: 
    at ignore-listed frames {
  code: 'ECONNREFUSED'
}
AggregateError: 
    at ignore-listed frames {
  code: 'ECONNREFUSED'
}
AggregateError: 
    at ignore-listed frames {
  code: 'ECONNREFUSED'
}
{"event":"redis_error","timestamp":"2026-03-05T20:07:33.703Z","error":"","status":"error"}
AggregateError: 
    at ignore-listed frames {
  code: 'ECONNREFUSED'
}
AggregateError: 
    at ignore-listed frames {
  code: 'ECONNREFUSED'
}
AggregateError: 
    at ignore-listed frames {
  code: 'ECONNREFUSED'
}
AggregateError: 
    at ignore-listed frames {
  code: 'ECONNREFUSED'
}
AggregateError: 
    at ignore-listed frames {
  code: 'ECONNREFUSED'
}
AggregateError: 
    at ignore-listed frames {
  code: 'ECONNREFUSED'
}
AggregateError: 
    at ignore-listed frames {
  code: 'ECONNREFUSED'
}
AggregateError: 
    at ignore-listed frames {
  code: 'ECONNREFUSED'
}
AggregateError: 
    at ignore-listed frames {
  code: 'ECONNREFUSED'
}
AggregateError: 
    at ignore-listed frames {
  code: 'ECONNREFUSED'
}
AggregateError: 
    at ignore-listed frames {
  code: 'ECONNREFUSED'
}
AggregateError: 
    at ignore-listed frames {
  code: 'ECONNREFUSED'
}
AggregateError: 
    at ignore-listed frames {
  code: 'ECONNREFUSED'
}
AggregateError: 
    at ignore-listed frames {
  code: 'ECONNREFUSED'
}
AggregateError: 
    at ignore-listed frames {
  code: 'ECONNREFUSED'
}
AggregateError: 
    at ignore-listed frames {
  code: 'ECONNREFUSED'
}
⚠️ REDIS_URL is missing. Redis functionality will be limited.
{"event":"redis_error","timestamp":"2026-03-05T20:07:33.802Z","error":"","status":"error"}
AggregateError: 
    at ignore-listed frames {
  code: 'ECONNREFUSED'
}
AggregateError: 
    at ignore-listed frames {
  code: 'ECONNREFUSED'
}
AggregateError: 
    at ignore-listed frames {
  code: 'ECONNREFUSED'
}
AggregateError: 
    at ignore-listed frames {
  code: 'ECONNREFUSED'
}
AggregateError: 
    at ignore-listed frames {
  code: 'ECONNREFUSED'
}
AggregateError: 
    at ignore-listed frames {
  code: 'ECONNREFUSED'
}
AggregateError: 
    at ignore-listed frames {
  code: 'ECONNREFUSED'
}
AggregateError: 
    at ignore-listed frames {
  code: 'ECONNREFUSED'
}
Error: Connection is closed.
    at ignore-listed frames
AggregateError: 
    at ignore-listed frames {
  code: 'ECONNREFUSED'
}
AggregateError: 
    at ignore-listed frames {
  code: 'ECONNREFUSED'
}
AggregateError: 
    at ignore-listed frames {
  code: 'ECONNREFUSED'
}
AggregateError: 
    at ignore-listed frames {
  code: 'ECONNREFUSED'
}
AggregateError: 
    at ignore-listed frames {
  code: 'ECONNREFUSED'
}
AggregateError: 
    at ignore-listed frames {
  code: 'ECONNREFUSED'
}
AggregateError: 
    at ignore-listed frames {
  code: 'ECONNREFUSED'
}
{"event":"redis_error","timestamp":"2026-03-05T20:07:33.865Z","error":"","status":"error"}
AggregateError: 
    at ignore-listed frames {
  code: 'ECONNREFUSED'
}
AggregateError: 
    at ignore-listed frames {
  code: 'ECONNREFUSED'
}
AggregateError: 
    at ignore-listed frames {
  code: 'ECONNREFUSED'
}
AggregateError: 
    at ignore-listed frames {
  code: 'ECONNREFUSED'
}
AggregateError: 
    at ignore-listed frames {
  code: 'ECONNREFUSED'
}
AggregateError: 
    at ignore-listed frames {
  code: 'ECONNREFUSED'
}
AggregateError: 
    at ignore-listed frames {
  code: 'ECONNREFUSED'
}
AggregateError: 
    at ignore-listed frames {
  code: 'ECONNREFUSED'
}
AggregateError: 
    at ignore-listed frames {
  code: 'ECONNREFUSED'
}
AggregateError: 
    at ignore-listed frames {
  code: 'ECONNREFUSED'
}
AggregateError: 
    at ignore-listed frames {
  code: 'ECONNREFUSED'
}
AggregateError: 
    at ignore-listed frames {
  code: 'ECONNREFUSED'
}
AggregateError: 
    at ignore-listed frames {
  code: 'ECONNREFUSED'
}
AggregateError: 
    at ignore-listed frames {
  code: 'ECONNREFUSED'
}
AggregateError: 
    at ignore-listed frames {
  code: 'ECONNREFUSED'
}
AggregateError: 
    at ignore-listed frames {
  code: 'ECONNREFUSED'
}
AggregateError: 
    at ignore-listed frames {
  code: 'ECONNREFUSED'
}
AggregateError: 
    at ignore-listed frames {
  code: 'ECONNREFUSED'
}
AggregateError: 
    at ignore-listed frames {
  code: 'ECONNREFUSED'
}
AggregateError: 
    at ignore-listed frames {
  code: 'ECONNREFUSED'
}
AggregateError: 
    at ignore-listed frames {
  code: 'ECONNREFUSED'
}
AggregateError: 
    at ignore-listed frames {
  code: 'ECONNREFUSED'
}
{"event":"redis_error","timestamp":"2026-03-05T20:07:33.921Z","error":"","status":"error"}
AggregateError: 
    at ignore-listed frames {
  code: 'ECONNREFUSED'
}
AggregateError: 
    at ignore-listed frames {
  code: 'ECONNREFUSED'
}
AggregateError: 
    at ignore-listed frames {
  code: 'ECONNREFUSED'
}
Error: Connection is closed.
    at ignore-listed frames
{"event":"redis_error","timestamp":"2026-03-05T20:07:33.929Z","error":"","status":"error"}
AggregateError: 
    at ignore-listed frames {
  code: 'ECONNREFUSED'
}
{"event":"redis_error","timestamp":"2026-03-05T20:07:33.966Z","error":"","status":"error"}
AggregateError: 
    at ignore-listed frames {
  code: 'ECONNREFUSED'
}
AggregateError: 
    at ignore-listed frames {
  code: 'ECONNREFUSED'
}
{"event":"redis_error","timestamp":"2026-03-05T20:07:33.981Z","error":"","status":"error"}
AggregateError: 
    at ignore-listed frames {
  code: 'ECONNREFUSED'
}
AggregateError: 
    at ignore-listed frames {
  code: 'ECONNREFUSED'
}
AggregateError: 
    at ignore-listed frames {
  code: 'ECONNREFUSED'
}
AggregateError: 
    at ignore-listed frames {
  code: 'ECONNREFUSED'
}
AggregateError: 
    at ignore-listed frames {
  code: 'ECONNREFUSED'
}
AggregateError: 
    at ignore-listed frames {
  code: 'ECONNREFUSED'
}
AggregateError: 
    at ignore-listed frames {
  code: 'ECONNREFUSED'
}
AggregateError: 
    at ignore-listed frames {
  code: 'ECONNREFUSED'
}
AggregateError: 
    at ignore-listed frames {
  code: 'ECONNREFUSED'
}
AggregateError: 
    at ignore-listed frames {
  code: 'ECONNREFUSED'
}
AggregateError: 
    at ignore-listed frames {
  code: 'ECONNREFUSED'
}
AggregateError: 
    at ignore-listed frames {
  code: 'ECONNREFUSED'
}
AggregateError: 
    at ignore-listed frames {
  code: 'ECONNREFUSED'
}
AggregateError: 
    at ignore-listed frames {
  code: 'ECONNREFUSED'
}
AggregateError: 
    at ignore-listed frames {
  code: 'ECONNREFUSED'
}
AggregateError: 
    at ignore-listed frames {
  code: 'ECONNREFUSED'
}
  Generating static pages using 7 workers (0/309) ...
AggregateError: 
    at ignore-listed frames {
  code: 'ECONNREFUSED'
}
AggregateError: 
    at ignore-listed frames {
  code: 'ECONNREFUSED'
}
AggregateError: 
    at ignore-listed frames {
  code: 'ECONNREFUSED'
}
AggregateError: 
    at ignore-listed frames {
  code: 'ECONNREFUSED'
}
AggregateError: 
    at ignore-listed frames {
  code: 'ECONNREFUSED'
}
AggregateError: 
    at ignore-listed frames {
  code: 'ECONNREFUSED'
}
{"event":"redis_error","timestamp":"2026-03-05T20:07:34.226Z","error":"","status":"error"}
AggregateError: 
    at ignore-listed frames {
  code: 'ECONNREFUSED'
}
AggregateError: 
    at ignore-listed frames {
  code: 'ECONNREFUSED'
}
AggregateError: 
    at ignore-listed frames {
  code: 'ECONNREFUSED'
}
AggregateError: 
    at ignore-listed frames {
  code: 'ECONNREFUSED'
}
AggregateError: 
    at ignore-listed frames {
  code: 'ECONNREFUSED'
}
AggregateError: 
    at ignore-listed frames {
  code: 'ECONNREFUSED'
}
AggregateError: 
    at ignore-listed frames {
  code: 'ECONNREFUSED'
}
AggregateError: 
    at ignore-listed frames {
  code: 'ECONNREFUSED'
}
AggregateError: 
    at ignore-listed frames {
  code: 'ECONNREFUSED'
}
AggregateError: 
    at ignore-listed frames {
  code: 'ECONNREFUSED'
}
AggregateError: 
    at ignore-listed frames {
  code: 'ECONNREFUSED'
}
AggregateError: 
    at ignore-listed frames {
  code: 'ECONNREFUSED'
}
AggregateError: 
    at ignore-listed frames {
  code: 'ECONNREFUSED'
}
AggregateError: 
    at ignore-listed frames {
  code: 'ECONNREFUSED'
}
AggregateError: 
    at ignore-listed frames {
  code: 'ECONNREFUSED'
}
  Generating static pages using 7 workers (77/309) 
AggregateError: 
    at ignore-listed frames {
  code: 'ECONNREFUSED'
}
AggregateError: 
    at ignore-listed frames {
  code: 'ECONNREFUSED'
}
AggregateError: 
    at ignore-listed frames {
  code: 'ECONNREFUSED'
}
AggregateError: 
    at ignore-listed frames {
  code: 'ECONNREFUSED'
}
AggregateError: 
    at ignore-listed frames {
  code: 'ECONNREFUSED'
}
AggregateError: 
    at ignore-listed frames {
  code: 'ECONNREFUSED'
}
AggregateError: 
    at ignore-listed frames {
  code: 'ECONNREFUSED'
}
AggregateError: 
    at ignore-listed frames {
  code: 'ECONNREFUSED'
}
AggregateError: 
    at ignore-listed frames {
  code: 'ECONNREFUSED'
}
AggregateError: 
    at ignore-listed frames {
  code: 'ECONNREFUSED'
}
AggregateError: 
    at ignore-listed frames {
  code: 'ECONNREFUSED'
}
AggregateError: 
    at ignore-listed frames {
  code: 'ECONNREFUSED'
}
AggregateError: 
    at ignore-listed frames {
  code: 'ECONNREFUSED'
}
AggregateError: 
    at ignore-listed frames {
  code: 'ECONNREFUSED'
}
{"event":"redis_error","timestamp":"2026-03-05T20:07:34.472Z","error":"","status":"error"}
AggregateError: 
    at ignore-listed frames {
  code: 'ECONNREFUSED'
}
AggregateError: 
    at ignore-listed frames {
  code: 'ECONNREFUSED'
}
AggregateError: 
    at ignore-listed frames {
  code: 'ECONNREFUSED'
}
{"event":"redis_error","timestamp":"2026-03-05T20:07:34.597Z","error":"","status":"error"}
AggregateError: 
    at ignore-listed frames {
  code: 'ECONNREFUSED'
}
Error occurred prerendering page "/network/supplier/risk". Read more: https://nextjs.org/docs/messages/prerender-error
Error: UNAUTHORIZED: Tenant id is missing
    at c (C:\Users\ertke\OneDrive\Masaüstü\periodya\muhasebeapp\motoroil\.next\server\chunks\ssr\[root-of-the-server]__cf068da0._.js:1:315)
    at async j (C:\Users\ertke\OneDrive\Masaüstü\periodya\muhasebeapp\motoroil\.next\server\chunks\ssr\[root-of-the-server]__ec6d6be4._.js:1:15120) {
  digest: '3940679863'
}
Export encountered an error on /(app)/network/supplier/risk/page: /network/supplier/risk, exiting the build.
AggregateError: 
    at ignore-listed frames {
  code: 'ETIMEDOUT'
}
AggregateError: 
    at ignore-listed frames {
  code: 'ETIMEDOUT'
}
AggregateError: 
    at ignore-listed frames {
  code: 'ETIMEDOUT'
}
AggregateError: 
    at ignore-listed frames {
  code: 'ETIMEDOUT'
}
AggregateError: 
    at ignore-listed frames {
  code: 'ETIMEDOUT'
}
AggregateError: 
    at ignore-listed frames {
  code: 'ETIMEDOUT'
}
AggregateError: 
    at ignore-listed frames {
  code: 'ETIMEDOUT'
}
AggregateError: 
    at ignore-listed frames {
  code: 'ECONNREFUSED'
}
AggregateError: 
    at ignore-listed frames {
  code: 'ECONNREFUSED'
}
AggregateError: 
    at ignore-listed frames {
  code: 'ECONNREFUSED'
}
AggregateError: 
    at ignore-listed frames {
  code: 'ECONNREFUSED'
}
AggregateError: 
    at ignore-listed frames {
  code: 'ECONNREFUSED'
}
AggregateError: 
    at ignore-listed frames {
  code: 'ECONNREFUSED'
}
AggregateError: 
    at ignore-listed frames {
  code: 'ECONNREFUSED'
}
AggregateError: 
    at ignore-listed frames {
  code: 'ECONNREFUSED'
}
AggregateError: 
    at ignore-listed frames {
  code: 'ECONNREFUSED'
}
AggregateError: 
    at ignore-listed frames {
  code: 'ECONNREFUSED'
}
AggregateError: 
    at ignore-listed frames {
  code: 'ECONNREFUSED'
}
AggregateError: 
    at ignore-listed frames {
  code: 'ECONNREFUSED'
}
AggregateError: 
    at ignore-listed frames {
  code: 'ECONNREFUSED'
}
AggregateError: 
    at ignore-listed frames {
  code: 'ECONNREFUSED'
}
Error: Connection is closed.
    at ignore-listed frames
⨯ Next.js build worker exited with code: 1 and signal: null
