
> periodya@0.1.0 build
> prisma generate && prisma migrate deploy && next build

Environment variables loaded from .env
Prisma schema loaded from prisma\schema.prisma

✔ Generated Prisma Client (v5.22.0) to .\node_modules\@prisma\client in 3.48s

Start by importing your Prisma Client (See: https://pris.ly/d/importing-client)

Tip: Want to react to database changes in your app as they happen? Discover how with Pulse: https://pris.ly/tip-1-pulse

Environment variables loaded from .env
Prisma schema loaded from prisma\schema.prisma
Datasource "db": PostgreSQL database "neondb", schema "public" at "ep-billowing-glade-agt0zp7m-pooler.c-2.eu-central-1.aws.neon.tech"

27 migrations found in prisma/migrations


No pending migrations to apply.
▲ Next.js 16.1.4 (Turbopack)
- Environments: .env.production.local, .env.local, .env.production, .env

⚠ The "middleware" file convention is deprecated. Please use "proxy" instead. Learn more: https://nextjs.org/docs/messages/middleware-to-proxy
  Creating an optimized production build ...
✓ Compiled successfully in 51s
  Skipping validation of types
  Collecting page data using 7 workers ...
[Prisma] Initializing PrismaClientSingleton v2 (Robust Isolation)
[Prisma] Initializing PrismaClientSingleton v2 (Robust Isolation)
[Prisma] Initializing PrismaClientSingleton v2 (Robust Isolation)
[Prisma] Initializing PrismaClientSingleton v2 (Robust Isolation)
[Prisma] Initializing PrismaClientSingleton v2 (Robust Isolation)
[Prisma] Initializing PrismaClientSingleton v2 (Robust Isolation)
[Prisma] Initializing PrismaClientSingleton v2 (Robust Isolation)
⚠️ REDIS_URL is missing. Redis functionality will be limited.
{"event":"redis_error","timestamp":"2026-03-05T19:59:33.694Z","error":"","status":"error"}
AggregateError: 
    at ignore-listed frames {
  code: 'ECONNREFUSED'
}
Error: Connection is closed.
    at ignore-listed frames
{"event":"redis_error","timestamp":"2026-03-05T19:59:33.945Z","error":"","status":"error"}
AggregateError: 
    at ignore-listed frames {
  code: 'ECONNREFUSED'
}
Error: Queue name cannot contain :
    at module evaluation (C:\Users\ertke\OneDrive\Masaüstü\periodya\muhasebeapp\motoroil\.next\server\chunks\[root-of-the-server]__d1bd7e19._.js:1:18400)
    at instantiateModule (C:\Users\ertke\OneDrive\Masaüstü\periodya\muhasebeapp\motoroil\.next\server\chunks\[turbopack]_runtime.js:740:9)
    at getOrInstantiateModuleFromParent (C:\Users\ertke\OneDrive\Masaüstü\periodya\muhasebeapp\motoroil\.next\server\chunks\[turbopack]_runtime.js:763:12)
    at Context.esmImport [as i] (C:\Users\ertke\OneDrive\Masaüstü\periodya\muhasebeapp\motoroil\.next\server\chunks\[turbopack]_runtime.js:228:20)
    at module evaluation (C:\Users\ertke\OneDrive\Masaüstü\periodya\muhasebeapp\motoroil\.next\server\chunks\[root-of-the-server]__d1bd7e19._.js:1:20037)
    at instantiateModule (C:\Users\ertke\OneDrive\Masaüstü\periodya\muhasebeapp\motoroil\.next\server\chunks\[turbopack]_runtime.js:740:9)
    at instantiateRuntimeModule (C:\Users\ertke\OneDrive\Masaüstü\periodya\muhasebeapp\motoroil\.next\server\chunks\[turbopack]_runtime.js:768:12)
    at getOrInstantiateRuntimeModule (C:\Users\ertke\OneDrive\Masaüstü\periodya\muhasebeapp\motoroil\.next\server\chunks\[turbopack]_runtime.js:781:12)

> Build error occurred
Error: Failed to collect page data for /api/contracts/documents/[documentId]/render
    at ignore-listed frames {
  type: 'Error'
}
