Order cmmsc7z2q0002b2stv5wy8mc6: earnedPoints=11137.89138510525, usedPoints=0, customerId=undefined
 - Has 1 transactions, Customer ID from Trx: cmmrpmuys000213y0pjzbt7hp
 - Description of Trx: POS Satışı (Nakit) - SEMA SEVİNÇ | REF:cmmsc7z2q0002b2stv5wy8mc6
Order cmms9g6550002yxjkbqij6lfy: earnedPoints=0, usedPoints=0, customerId=undefined
 - Has 1 transactions, Customer ID from Trx: cmmr307fg0002cv3qj2shhsaa
 - Description of Trx: POS Satışı (Nakit) - kekeç | REF:cmms9g6550002yxjkbqij6lfy
Order cmmrpsucu0002q642f7x7psm5: earnedPoints=11137.89138510525, usedPoints=undefined, customerId=undefined
 - Has 1 transactions, Customer ID from Trx: cmmrpmuys000213y0pjzbt7hp
 - Description of Trx: POS Satışı (Cari Hesap) - SEMA SEVİNÇ | REF:cmmrpsucu0002q642f7x7psm5
Order cmmrppmh50002u0ik6phkn2xo: earnedPoints=11137.89138510525, usedPoints=undefined, customerId=undefined
 - Has 1 transactions, Customer ID from Trx: cmmrpmuys000213y0pjzbt7hp
 - Description of Trx: POS Satışı (Nakit) - SEMA SEVİNÇ | REF:cmmrppmh50002u0ik6phkn2xo
Order cmmrpneay0002660pl6f0ve5h: earnedPoints=0, usedPoints=undefined, customerId=undefined
 - Has 1 transactions, Customer ID from Trx: cmmrpmuys000213y0pjzbt7hp
 - Description of Trx: POS Satışı (Nakit) - SEMA SEVİNÇ | REF:cmmrpneay0002660pl6f0ve5h
Order cmmr3qj5n00024dq0ny2c6ub9: earnedPoints=0, usedPoints=undefined, customerId=undefined
 - Has 1 transactions, Customer ID from Trx: cmmr307fg0002cv3qj2shhsaa
 - Description of Trx: POS Satışı (Cari Hesap) - kekeç | REF:cmmr3qj5n00024dq0ny2c6ub9
Order cmmr30wwe0002124hj4zb9yvu: earnedPoints=0, usedPoints=undefined, customerId=undefined
 - Has 1 transactions, Customer ID from Trx: cmmr307fg0002cv3qj2shhsaa
 - Description of Trx: POS Satışı (Nakit) - kekeç | REF:cmmr30wwe0002124hj4zb9yvu
Order cmmr1azjw0002fgnrivsxxh9l: earnedPoints=0, usedPoints=undefined, customerId=undefined
 - Has 1 transactions, Customer ID from Trx: cmmqw7gmm0003pba36p3i1zfy
 - Description of Trx: POS Satışı (Nakit) - EDİZ KEKEÇ | REF:cmmr1azjw0002fgnrivsxxh9l
Order cmmr0g40t0002nkjpjechf0p9: earnedPoints=0, usedPoints=undefined, customerId=undefined
 - Has 1 transactions, Customer ID from Trx: cmmqw7gmm0003pba36p3i1zfy
 - Description of Trx: POS Satışı (Cari Hesap) - EDİZ KEKEÇ | REF:cmmr0g40t0002nkjpjechf0p9
Order cmmqz5dtj000283h3e001sc11: earnedPoints=0, usedPoints=undefined, customerId=undefined
 - Has 1 transactions, Customer ID from Trx: cmmqw7gmm0003pba36p3i1zfy
 - Description of Trx: POS Satışı (Kredi Kartı) - EDİZ KEKEÇ | REF:cmmqz5dtj000283h3e001sc11