
Error: Prisma schema validation - (validate wasm)
Error code: P1012
[1;91merror[0m: [1mThe enum "NetworkDisputeStatus" cannot be defined because a enum with that name already exists.[0m
  [1;94m-->[0m  [4mprisma\schema.prisma:6964[0m
[1;94m   | [0m
[1;94m6963 | [0m
[1;94m6964 | [0menum [1;91mNetworkDisputeStatus[0m {
[1;94m   | [0m

Validation Error Count: 1
[Context: validate]

Prisma CLI Version : 5.22.0
Environment variables loaded from .env
Prisma schema loaded from prisma\schema.prisma
Command failed: npx prisma validate

Error: Prisma schema validation - (validate wasm)
Error code: P1012
[1;91merror[0m: [1mThe enum "NetworkDisputeStatus" cannot be defined because a enum with that name already exists.[0m
  [1;94m-->[0m  [4mprisma\schema.prisma:6964[0m
[1;94m   | [0m
[1;94m6963 | [0m
[1;94m6964 | [0menum [1;91mNetworkDisputeStatus[0m {
[1;94m   | [0m

Validation Error Count: 1
[Context: validate]

Prisma CLI Version : 5.22.0
