src/services/contracts/pdf/watermark.ts(8,49): error TS2345: Argument of type '"Helvetica-Bold"' is not assignable to parameter of type 'StandardFonts'.
src/workers/contracts.worker.ts(88,6): error TS2322: Type 'Redis' is not assignable to type 'ConnectionOptions'.
  Type 'Redis' is not assignable to type 'ClusterOptions | Redis | Cluster'.
    Type 'import("C:/Users/ertke/OneDrive/Masa\u00FCst\u00FC/periodya/muhasebeapp/motoroil/node_modules/ioredis/built/Redis").default' is not assignable to type 'import("C:/Users/ertke/OneDrive/Masa\u00FCst\u00FC/periodya/muhasebeapp/motoroil/node_modules/bullmq/node_modules/ioredis/built/Redis").default'.
      Types of property 'options' are incompatible.
        Type 'import("C:/Users/ertke/OneDrive/Masa\u00FCst\u00FC/periodya/muhasebeapp/motoroil/node_modules/ioredis/built/redis/RedisOptions").RedisOptions' is not assignable to type 'import("C:/Users/ertke/OneDrive/Masa\u00FCst\u00FC/periodya/muhasebeapp/motoroil/node_modules/bullmq/node_modules/ioredis/built/redis/RedisOptions").RedisOptions'.
          Type 'RedisOptions' is not assignable to type 'CommonRedisOptions'.
            The types returned by 'new Connector(...)' are incompatible between these types.
              Type 'import("C:/Users/ertke/OneDrive/Masa\u00FCst\u00FC/periodya/muhasebeapp/motoroil/node_modules/ioredis/built/connectors/AbstractConnector").default' is not assignable to type 'import("C:/Users/ertke/OneDrive/Masa\u00FCst\u00FC/periodya/muhasebeapp/motoroil/node_modules/bullmq/node_modules/ioredis/built/connectors/AbstractConnector").default'.
                Property 'connecting' is protected but type 'AbstractConnector' is not a class derived from 'AbstractConnector'.
src/workers/contracts.worker.ts(122,6): error TS2322: Type 'Redis' is not assignable to type 'ConnectionOptions'.
  Type 'Redis' is not assignable to type 'ClusterOptions | Redis | Cluster'.
    Type 'import("C:/Users/ertke/OneDrive/Masa\u00FCst\u00FC/periodya/muhasebeapp/motoroil/node_modules/ioredis/built/Redis").default' is not assignable to type 'import("C:/Users/ertke/OneDrive/Masa\u00FCst\u00FC/periodya/muhasebeapp/motoroil/node_modules/bullmq/node_modules/ioredis/built/Redis").default'.
      Types of property 'options' are incompatible.
        Type 'import("C:/Users/ertke/OneDrive/Masa\u00FCst\u00FC/periodya/muhasebeapp/motoroil/node_modules/ioredis/built/redis/RedisOptions").RedisOptions' is not assignable to type 'import("C:/Users/ertke/OneDrive/Masa\u00FCst\u00FC/periodya/muhasebeapp/motoroil/node_modules/bullmq/node_modules/ioredis/built/redis/RedisOptions").RedisOptions'.
          Type 'RedisOptions' is not assignable to type 'CommonRedisOptions'.
            The types returned by 'new Connector(...)' are incompatible between these types.
              Type 'import("C:/Users/ertke/OneDrive/Masa\u00FCst\u00FC/periodya/muhasebeapp/motoroil/node_modules/ioredis/built/connectors/AbstractConnector").default' is not assignable to type 'import("C:/Users/ertke/OneDrive/Masa\u00FCst\u00FC/periodya/muhasebeapp/motoroil/node_modules/bullmq/node_modules/ioredis/built/connectors/AbstractConnector").default'.
                Property 'connecting' is protected but type 'AbstractConnector' is not a class derived from 'AbstractConnector'.
src/workers/contracts.worker.ts(153,6): error TS2322: Type 'Redis' is not assignable to type 'ConnectionOptions'.
  Type 'Redis' is not assignable to type 'ClusterOptions | Redis | Cluster'.
    Type 'import("C:/Users/ertke/OneDrive/Masa\u00FCst\u00FC/periodya/muhasebeapp/motoroil/node_modules/ioredis/built/Redis").default' is not assignable to type 'import("C:/Users/ertke/OneDrive/Masa\u00FCst\u00FC/periodya/muhasebeapp/motoroil/node_modules/bullmq/node_modules/ioredis/built/Redis").default'.
      Types of property 'options' are incompatible.
        Type 'import("C:/Users/ertke/OneDrive/Masa\u00FCst\u00FC/periodya/muhasebeapp/motoroil/node_modules/ioredis/built/redis/RedisOptions").RedisOptions' is not assignable to type 'import("C:/Users/ertke/OneDrive/Masa\u00FCst\u00FC/periodya/muhasebeapp/motoroil/node_modules/bullmq/node_modules/ioredis/built/redis/RedisOptions").RedisOptions'.
          Type 'RedisOptions' is not assignable to type 'CommonRedisOptions'.
            The types returned by 'new Connector(...)' are incompatible between these types.
              Type 'import("C:/Users/ertke/OneDrive/Masa\u00FCst\u00FC/periodya/muhasebeapp/motoroil/node_modules/ioredis/built/connectors/AbstractConnector").default' is not assignable to type 'import("C:/Users/ertke/OneDrive/Masa\u00FCst\u00FC/periodya/muhasebeapp/motoroil/node_modules/bullmq/node_modules/ioredis/built/connectors/AbstractConnector").default'.
                Property 'connecting' is protected but type 'AbstractConnector' is not a class derived from 'AbstractConnector'.
src/workers/contracts.worker.ts(188,6): error TS2322: Type 'Redis' is not assignable to type 'ConnectionOptions'.
  Type 'Redis' is not assignable to type 'ClusterOptions | Redis | Cluster'.
    Type 'import("C:/Users/ertke/OneDrive/Masa\u00FCst\u00FC/periodya/muhasebeapp/motoroil/node_modules/ioredis/built/Redis").default' is not assignable to type 'import("C:/Users/ertke/OneDrive/Masa\u00FCst\u00FC/periodya/muhasebeapp/motoroil/node_modules/bullmq/node_modules/ioredis/built/Redis").default'.
      Types of property 'options' are incompatible.
        Type 'import("C:/Users/ertke/OneDrive/Masa\u00FCst\u00FC/periodya/muhasebeapp/motoroil/node_modules/ioredis/built/redis/RedisOptions").RedisOptions' is not assignable to type 'import("C:/Users/ertke/OneDrive/Masa\u00FCst\u00FC/periodya/muhasebeapp/motoroil/node_modules/bullmq/node_modules/ioredis/built/redis/RedisOptions").RedisOptions'.
          Type 'RedisOptions' is not assignable to type 'CommonRedisOptions'.
            The types returned by 'new Connector(...)' are incompatible between these types.
              Type 'import("C:/Users/ertke/OneDrive/Masa\u00FCst\u00FC/periodya/muhasebeapp/motoroil/node_modules/ioredis/built/connectors/AbstractConnector").default' is not assignable to type 'import("C:/Users/ertke/OneDrive/Masa\u00FCst\u00FC/periodya/muhasebeapp/motoroil/node_modules/bullmq/node_modules/ioredis/built/connectors/AbstractConnector").default'.
                Property 'connecting' is protected but type 'AbstractConnector' is not a class derived from 'AbstractConnector'.
