.next/types/validator.ts(809,39): error TS2307: Cannot find module '../../src/app/(app)/admin/support/doctor/page.js' or its corresponding type declarations.
src/app/(app)/admin/audit-logs/page.tsx(154,26): error TS2304: Cannot find name 'AlertCircle'.
src/app/(app)/admin/b2b/settings/page.tsx(14,163): error TS2322: Type '{ children: Element[]; className: string; padding: string; }' is not assignable to type 'IntrinsicAttributes & { children?: ReactNode; className?: string; noPadding?: boolean; borderLeftColor?: string; onClick?: MouseEventHandler<HTMLDivElement>; }'.
  Property 'padding' does not exist on type 'IntrinsicAttributes & { children?: ReactNode; className?: string; noPadding?: boolean; borderLeftColor?: string; onClick?: MouseEventHandler<HTMLDivElement>; }'. Did you mean 'noPadding'?
src/app/(app)/admin/growth/audit/page.tsx(61,13): error TS2322: Type '{ children: Element; title: string; description: string; actions: Element; className: string; titleIcon: Element; }' is not assignable to type 'IntrinsicAttributes & { title?: string; description?: string; actions?: ReactNode; children?: ReactNode; className?: string; }'.
  Property 'titleIcon' does not exist on type 'IntrinsicAttributes & { title?: string; description?: string; actions?: ReactNode; children?: ReactNode; className?: string; }'.
src/app/(app)/admin/growth/audit/page.tsx(63,29): error TS2322: Type '{ children: Element[]; padding: string; }' is not assignable to type 'IntrinsicAttributes & { children?: ReactNode; className?: string; noPadding?: boolean; borderLeftColor?: string; onClick?: MouseEventHandler<HTMLDivElement>; }'.
  Property 'padding' does not exist on type 'IntrinsicAttributes & { children?: ReactNode; className?: string; noPadding?: boolean; borderLeftColor?: string; onClick?: MouseEventHandler<HTMLDivElement>; }'. Did you mean 'noPadding'?
src/app/(app)/admin/growth/billing-health/page.tsx(93,13): error TS2322: Type '{ children: Element; title: string; description: string; actions: Element; className: string; titleIcon: Element; }' is not assignable to type 'IntrinsicAttributes & { title?: string; description?: string; actions?: ReactNode; children?: ReactNode; className?: string; }'.
  Property 'titleIcon' does not exist on type 'IntrinsicAttributes & { title?: string; description?: string; actions?: ReactNode; children?: ReactNode; className?: string; }'.
src/app/(app)/admin/growth/billing-health/page.tsx(184,37): error TS2322: Type '{ children: Element[]; padding: string; }' is not assignable to type 'IntrinsicAttributes & { children?: ReactNode; className?: string; noPadding?: boolean; borderLeftColor?: string; onClick?: MouseEventHandler<HTMLDivElement>; }'.
  Property 'padding' does not exist on type 'IntrinsicAttributes & { children?: ReactNode; className?: string; noPadding?: boolean; borderLeftColor?: string; onClick?: MouseEventHandler<HTMLDivElement>; }'. Did you mean 'noPadding'?
src/app/(app)/admin/growth/boost-rules/page.tsx(112,13): error TS2322: Type '{ children: Element[]; title: string; description: string; actions: Element; className: string; titleIcon: Element; }' is not assignable to type 'IntrinsicAttributes & { title?: string; description?: string; actions?: ReactNode; children?: ReactNode; className?: string; }'.
  Property 'titleIcon' does not exist on type 'IntrinsicAttributes & { title?: string; description?: string; actions?: ReactNode; children?: ReactNode; className?: string; }'.
src/app/(app)/admin/growth/boost-rules/page.tsx(134,29): error TS2322: Type '{ children: Element[]; padding: string; }' is not assignable to type 'IntrinsicAttributes & { children?: ReactNode; className?: string; noPadding?: boolean; borderLeftColor?: string; onClick?: MouseEventHandler<HTMLDivElement>; }'.
  Property 'padding' does not exist on type 'IntrinsicAttributes & { children?: ReactNode; className?: string; noPadding?: boolean; borderLeftColor?: string; onClick?: MouseEventHandler<HTMLDivElement>; }'. Did you mean 'noPadding'?
src/app/(app)/admin/growth/revenue/page.tsx(79,74): error TS2322: Type '{ children: Element[]; className: string; padding: string; }' is not assignable to type 'IntrinsicAttributes & { children?: ReactNode; className?: string; noPadding?: boolean; borderLeftColor?: string; onClick?: MouseEventHandler<HTMLDivElement>; }'.
  Property 'padding' does not exist on type 'IntrinsicAttributes & { children?: ReactNode; className?: string; noPadding?: boolean; borderLeftColor?: string; onClick?: MouseEventHandler<HTMLDivElement>; }'. Did you mean 'noPadding'?
src/app/(app)/admin/growth/subscriptions/page.tsx(84,13): error TS2322: Type '{ children: Element; title: string; description: string; actions: Element; className: string; titleIcon: Element; }' is not assignable to type 'IntrinsicAttributes & { title?: string; description?: string; actions?: ReactNode; children?: ReactNode; className?: string; }'.
  Property 'titleIcon' does not exist on type 'IntrinsicAttributes & { title?: string; description?: string; actions?: ReactNode; children?: ReactNode; className?: string; }'.
src/app/(app)/admin/settings/categories/page.tsx(103,29): error TS2322: Type '{ title: string; icon: Element; className: string; }' is not assignable to type 'IntrinsicAttributes & { title: string; subtitle?: string; icon?: ReactNode; rightElement?: ReactNode; }'.
  Property 'className' does not exist on type 'IntrinsicAttributes & { title: string; subtitle?: string; icon?: ReactNode; rightElement?: ReactNode; }'.
src/app/(app)/admin/settings/onboarding/page.tsx(76,29): error TS2322: Type '{ title: string; subtitle: string; icon: Element; className: string; }' is not assignable to type 'IntrinsicAttributes & { title: string; subtitle?: string; icon?: ReactNode; rightElement?: ReactNode; }'.
  Property 'className' does not exist on type 'IntrinsicAttributes & { title: string; subtitle?: string; icon?: ReactNode; rightElement?: ReactNode; }'.
src/app/(app)/inventory/components/AutonomousInventory.tsx(206,30): error TS2304: Cannot find name 'finalAnomalies'.
src/app/(app)/inventory/components/AutonomousInventory.tsx(213,30): error TS2304: Cannot find name 'finalAnomalies'.
src/app/(app)/inventory/page.tsx(1504,76): error TS2322: Type '{ products: Product[]; onRunAiMap: () => Promise<void>; }' is not assignable to type 'IntrinsicAttributes & { products: any[]; }'.
  Property 'onRunAiMap' does not exist on type 'IntrinsicAttributes & { products: any[]; }'.
