Looking for HB orders missing data...
Found 19 broken HB orders.
Processing company cmmi7rnux00069mobu3uchs37...
[HB_INIT] baseUrl=https://oms-external.hepsiburada.com | Target: oms-external.hepsiburada.com
Fetching full details for 4771076869...
[HB_FETCH_REQ] Target URL: https://oms-external.hepsiburada.com/orders/merchantid/f225561c-5ae7-4208-9eb4-3541340b7229/ordernumber/4771076869 | Proxy URL: https://oms-external.hepsiburada.com/orders/merchantid/f225561c-5ae7-4208-9eb4-3541340b7229/ordernumber/4771076869
 > Healed: Tolunay G├╝ng├Âr, 314.97 TRY
Fetching full details for 4809424392...
[HB_FETCH_REQ] Target URL: https://oms-external.hepsiburada.com/orders/merchantid/f225561c-5ae7-4208-9eb4-3541340b7229/ordernumber/4809424392 | Proxy URL: https://oms-external.hepsiburada.com/orders/merchantid/f225561c-5ae7-4208-9eb4-3541340b7229/ordernumber/4809424392
 > Healed: Yusuf Salim, 456 TRY
Fetching full details for 4768071622...
[HB_FETCH_REQ] Target URL: https://oms-external.hepsiburada.com/orders/merchantid/f225561c-5ae7-4208-9eb4-3541340b7229/ordernumber/4768071622 | Proxy URL: https://oms-external.hepsiburada.com/orders/merchantid/f225561c-5ae7-4208-9eb4-3541340b7229/ordernumber/4768071622
 > Healed: Ayhan U├ğak, 339 TRY
Fetching full details for 4761732534...
[HB_FETCH_REQ] Target URL: https://oms-external.hepsiburada.com/orders/merchantid/f225561c-5ae7-4208-9eb4-3541340b7229/ordernumber/4761732534 | Proxy URL: https://oms-external.hepsiburada.com/orders/merchantid/f225561c-5ae7-4208-9eb4-3541340b7229/ordernumber/4761732534
 > Healed: O─şuzhan Aksoy, 242.25 TRY
Fetching full details for 4408121013...
[HB_FETCH_REQ] Target URL: https://oms-external.hepsiburada.com/orders/merchantid/f225561c-5ae7-4208-9eb4-3541340b7229/ordernumber/4408121013 | Proxy URL: https://oms-external.hepsiburada.com/orders/merchantid/f225561c-5ae7-4208-9eb4-3541340b7229/ordernumber/4408121013
 > Healed: Co┼şkun ─░nan, 1824 TRY
Fetching full details for 4124416386...
[HB_FETCH_REQ] Target URL: https://oms-external.hepsiburada.com/orders/merchantid/f225561c-5ae7-4208-9eb4-3541340b7229/ordernumber/4124416386 | Proxy URL: https://oms-external.hepsiburada.com/orders/merchantid/f225561c-5ae7-4208-9eb4-3541340b7229/ordernumber/4124416386
 > Healed: SEZEN G├£NEY, 289 TRY
Fetching full details for 4711372942...
[HB_FETCH_REQ] Target URL: https://oms-external.hepsiburada.com/orders/merchantid/f225561c-5ae7-4208-9eb4-3541340b7229/ordernumber/4711372942 | Proxy URL: https://oms-external.hepsiburada.com/orders/merchantid/f225561c-5ae7-4208-9eb4-3541340b7229/ordernumber/4711372942
 > Healed: SAL─░M U─ŞUR AKAR, 156.75 TRY
Fetching full details for 4434520522...
[HB_FETCH_REQ] Target URL: https://oms-external.hepsiburada.com/orders/merchantid/f225561c-5ae7-4208-9eb4-3541340b7229/ordernumber/4434520522 | Proxy URL: https://oms-external.hepsiburada.com/orders/merchantid/f225561c-5ae7-4208-9eb4-3541340b7229/ordernumber/4434520522
 > Healed: ABD─░L KAD─░R DO─ŞAN, 1419 TRY
Fetching full details for 4464599805...
[HB_FETCH_REQ] Target URL: https://oms-external.hepsiburada.com/orders/merchantid/f225561c-5ae7-4208-9eb4-3541340b7229/ordernumber/4464599805 | Proxy URL: https://oms-external.hepsiburada.com/orders/merchantid/f225561c-5ae7-4208-9eb4-3541340b7229/ordernumber/4464599805
 > Healed: Ahmet ├ûZ├çEL─░K, 630 TRY
Fetching full details for 4270542152...
[HB_FETCH_REQ] Target URL: https://oms-external.hepsiburada.com/orders/merchantid/f225561c-5ae7-4208-9eb4-3541340b7229/ordernumber/4270542152 | Proxy URL: https://oms-external.hepsiburada.com/orders/merchantid/f225561c-5ae7-4208-9eb4-3541340b7229/ordernumber/4270542152
 > Healed: Yasemin ├çelik, 2499 TRY
Fetching full details for 4511682136...
[HB_FETCH_REQ] Target URL: https://oms-external.hepsiburada.com/orders/merchantid/f225561c-5ae7-4208-9eb4-3541340b7229/ordernumber/4511682136 | Proxy URL: https://oms-external.hepsiburada.com/orders/merchantid/f225561c-5ae7-4208-9eb4-3541340b7229/ordernumber/4511682136
 > Healed: Furkan Y├╝ksel, 315 TRY
Fetching full details for 4202349663...
[HB_FETCH_REQ] Target URL: https://oms-external.hepsiburada.com/orders/merchantid/f225561c-5ae7-4208-9eb4-3541340b7229/ordernumber/4202349663 | Proxy URL: https://oms-external.hepsiburada.com/orders/merchantid/f225561c-5ae7-4208-9eb4-3541340b7229/ordernumber/4202349663
 > Healed: ─░brahim Toprak, 242.25 TRY
Fetching full details for 4722381928...
[HB_FETCH_REQ] Target URL: https://oms-external.hepsiburada.com/orders/merchantid/f225561c-5ae7-4208-9eb4-3541340b7229/ordernumber/4722381928 | Proxy URL: https://oms-external.hepsiburada.com/orders/merchantid/f225561c-5ae7-4208-9eb4-3541340b7229/ordernumber/4722381928
 > Healed: VOLKAN BAHADIR, 4918.63 TRY
Fetching full details for 4173107049...
[HB_FETCH_REQ] Target URL: https://oms-external.hepsiburada.com/orders/merchantid/f225561c-5ae7-4208-9eb4-3541340b7229/ordernumber/4173107049 | Proxy URL: https://oms-external.hepsiburada.com/orders/merchantid/f225561c-5ae7-4208-9eb4-3541340b7229/ordernumber/4173107049
 > Healed: ├ûmer ─░slamo─şlu, 314.1 TRY
Fetching full details for 4800204780...
[HB_FETCH_REQ] Target URL: https://oms-external.hepsiburada.com/orders/merchantid/f225561c-5ae7-4208-9eb4-3541340b7229/ordernumber/4800204780 | Proxy URL: https://oms-external.hepsiburada.com/orders/merchantid/f225561c-5ae7-4208-9eb4-3541340b7229/ordernumber/4800204780
 > Healed: hande k─▒l─▒├ğ, 10396 TRY
Fetching full details for 4801846587...
[HB_FETCH_REQ] Target URL: https://oms-external.hepsiburada.com/orders/merchantid/f225561c-5ae7-4208-9eb4-3541340b7229/ordernumber/4801846587 | Proxy URL: https://oms-external.hepsiburada.com/orders/merchantid/f225561c-5ae7-4208-9eb4-3541340b7229/ordernumber/4801846587
 > Healed: ┼Şamil Y─▒ld─▒r─▒m, 299.25 TRY
Fetching full details for 4480163364...
[HB_FETCH_REQ] Target URL: https://oms-external.hepsiburada.com/orders/merchantid/f225561c-5ae7-4208-9eb4-3541340b7229/ordernumber/4480163364 | Proxy URL: https://oms-external.hepsiburada.com/orders/merchantid/f225561c-5ae7-4208-9eb4-3541340b7229/ordernumber/4480163364
 > Healed: SONER YILDIRIM, 314.1 TRY
Fetching full details for 4299669947...
[HB_FETCH_REQ] Target URL: https://oms-external.hepsiburada.com/orders/merchantid/f225561c-5ae7-4208-9eb4-3541340b7229/ordernumber/4299669947 | Proxy URL: https://oms-external.hepsiburada.com/orders/merchantid/f225561c-5ae7-4208-9eb4-3541340b7229/ordernumber/4299669947
 > Healed: SAMET BENL─░, 473 TRY
Fetching full details for 4448396788...
[HB_FETCH_REQ] Target URL: https://oms-external.hepsiburada.com/orders/merchantid/f225561c-5ae7-4208-9eb4-3541340b7229/ordernumber/4448396788 | Proxy URL: https://oms-external.hepsiburada.com/orders/merchantid/f225561c-5ae7-4208-9eb4-3541340b7229/ordernumber/4448396788
 > Healed: ├£mm├╝g├╝ls├╝m ├ûzg├╝n, 1899 TRY
