{
  id: 'cmmmjar5i0031xbhdw4cih6pi',
  marketplaceId: '4448396788',
  orderNumber: '4448396788',
  marketplace: 'Hepsiburada',
  customerName: 'M├╝┼şteri',
  customerEmail: null,
  totalAmount: 0,
  currency: 'TRY',
  status: 'CANCELLED',
  orderDate: 2026-03-11T21:11:23.118Z,
  items: [],
  shippingAddress: { city: '', phone: '', address: '', district: '', fullName: '' },
  invoiceAddress: { city: '', phone: '', address: '', district: '', fullName: '' },
  cargoTrackingNo: null,
  cargoProvider: null,
  rawData: {
    id: '4448396788',
    items: [],
    status: 'CANCELLED',
    currency: 'TRY',
    orderDate: '2026-03-11T21:11:23.118Z',
    orderNumber: '4448396788',
    totalAmount: 0,
    customerName: 'M├╝┼şteri',
    customerEmail: '',
    invoiceAddress: { city: '', phone: '', address: '', district: '', fullName: '' },
    shippingAddress: { city: '', phone: '', address: '', district: '', fullName: '' }
  },
  deletedAt: null,
  createdAt: 2026-03-11T21:11:31.830Z,
  updatedAt: 2026-03-11T21:11:31.830Z,
  branch: 'Merkez',
  companyId: 'cmmi7rnux00069mobu3uchs37',
  shipmentPackageId: null,
  detailsFetchedAt: null,
  staffId: null,
  dealerMembershipId: null,
  salesChannel: 'POS',
  dealerPrice: null,
  reservationReleasedAt: null,
  accountingPostedAt: null,
  isLimitExceeded: false,
  creditExceededAmount: null,
  paymentRequired: false
}
