[HB_INIT] baseUrl=https://oms-external.hepsiburada.com | Target: oms-external.hepsiburada.com
Starting sync manually...
[HB_FETCH_REQ] Target URL: https://oms-external.hepsiburada.com/orders/merchantid/f225561c-5ae7-4208-9eb4-3541340b7229?limit=50&offset=0 | Proxy URL: https://oms-external.hepsiburada.com/orders/merchantid/f225561c-5ae7-4208-9eb4-3541340b7229?limit=50&offset=0
[HB_FETCH_REQ] Target URL: https://oms-external.hepsiburada.com/packages/merchantid/f225561c-5ae7-4208-9eb4-3541340b7229?limit=50&offset=0 | Proxy URL: https://oms-external.hepsiburada.com/packages/merchantid/f225561c-5ae7-4208-9eb4-3541340b7229?limit=50&offset=0
[HB_FETCH_REQ] Target URL: https://oms-external.hepsiburada.com/packages/merchantid/f225561c-5ae7-4208-9eb4-3541340b7229/shipped?limit=50&offset=0&begindate=2026-03-01+00%3A00&enddate=2026-03-12+23%3A59 | Proxy URL: https://oms-external.hepsiburada.com/packages/merchantid/f225561c-5ae7-4208-9eb4-3541340b7229/shipped?limit=50&offset=0&begindate=2026-03-01+00%3A00&enddate=2026-03-12+23%3A59
[HB_FETCH_REQ] Target URL: https://oms-external.hepsiburada.com/orders/merchantid/f225561c-5ae7-4208-9eb4-3541340b7229/ordernumber/4655737501 | Proxy URL: https://oms-external.hepsiburada.com/orders/merchantid/f225561c-5ae7-4208-9eb4-3541340b7229/ordernumber/4655737501
[HB_FETCH_REQ] Target URL: https://oms-external.hepsiburada.com/orders/merchantid/f225561c-5ae7-4208-9eb4-3541340b7229/ordernumber/4387022637 | Proxy URL: https://oms-external.hepsiburada.com/orders/merchantid/f225561c-5ae7-4208-9eb4-3541340b7229/ordernumber/4387022637
[HB_FETCH_REQ] Target URL: https://oms-external.hepsiburada.com/orders/merchantid/f225561c-5ae7-4208-9eb4-3541340b7229/ordernumber/4036952010 | Proxy URL: https://oms-external.hepsiburada.com/orders/merchantid/f225561c-5ae7-4208-9eb4-3541340b7229/ordernumber/4036952010
[HB_FETCH_REQ] Target URL: https://oms-external.hepsiburada.com/orders/merchantid/f225561c-5ae7-4208-9eb4-3541340b7229/ordernumber/4668331828 | Proxy URL: https://oms-external.hepsiburada.com/orders/merchantid/f225561c-5ae7-4208-9eb4-3541340b7229/ordernumber/4668331828
[HB_FETCH_REQ] Target URL: https://oms-external.hepsiburada.com/packages/merchantid/f225561c-5ae7-4208-9eb4-3541340b7229/delivered?limit=50&offset=0&begindate=2026-03-01+00%3A00&enddate=2026-03-12+23%3A59 | Proxy URL: https://oms-external.hepsiburada.com/packages/merchantid/f225561c-5ae7-4208-9eb4-3541340b7229/delivered?limit=50&offset=0&begindate=2026-03-01+00%3A00&enddate=2026-03-12+23%3A59
[HB_FETCH_REQ] Target URL: https://oms-external.hepsiburada.com/orders/merchantid/f225561c-5ae7-4208-9eb4-3541340b7229/ordernumber/4511682136 | Proxy URL: https://oms-external.hepsiburada.com/orders/merchantid/f225561c-5ae7-4208-9eb4-3541340b7229/ordernumber/4511682136
[HB_FETCH_REQ] Target URL: https://oms-external.hepsiburada.com/orders/merchantid/f225561c-5ae7-4208-9eb4-3541340b7229/ordernumber/4202349663 | Proxy URL: https://oms-external.hepsiburada.com/orders/merchantid/f225561c-5ae7-4208-9eb4-3541340b7229/ordernumber/4202349663
[HB_FETCH_REQ] Target URL: https://oms-external.hepsiburada.com/orders/merchantid/f225561c-5ae7-4208-9eb4-3541340b7229/ordernumber/4722381928 | Proxy URL: https://oms-external.hepsiburada.com/orders/merchantid/f225561c-5ae7-4208-9eb4-3541340b7229/ordernumber/4722381928
[HB_FETCH_REQ] Target URL: https://oms-external.hepsiburada.com/orders/merchantid/f225561c-5ae7-4208-9eb4-3541340b7229/ordernumber/4173107049 | Proxy URL: https://oms-external.hepsiburada.com/orders/merchantid/f225561c-5ae7-4208-9eb4-3541340b7229/ordernumber/4173107049
[HB_FETCH_REQ] Target URL: https://oms-external.hepsiburada.com/orders/merchantid/f225561c-5ae7-4208-9eb4-3541340b7229/ordernumber/4800204780 | Proxy URL: https://oms-external.hepsiburada.com/orders/merchantid/f225561c-5ae7-4208-9eb4-3541340b7229/ordernumber/4800204780
[HB_FETCH_REQ] Target URL: https://oms-external.hepsiburada.com/orders/merchantid/f225561c-5ae7-4208-9eb4-3541340b7229/ordernumber/4801846587 | Proxy URL: https://oms-external.hepsiburada.com/orders/merchantid/f225561c-5ae7-4208-9eb4-3541340b7229/ordernumber/4801846587
[HB_FETCH_REQ] Target URL: https://oms-external.hepsiburada.com/orders/merchantid/f225561c-5ae7-4208-9eb4-3541340b7229/ordernumber/4480163364 | Proxy URL: https://oms-external.hepsiburada.com/orders/merchantid/f225561c-5ae7-4208-9eb4-3541340b7229/ordernumber/4480163364
[HB_FETCH_REQ] Target URL: https://oms-external.hepsiburada.com/orders/merchantid/f225561c-5ae7-4208-9eb4-3541340b7229/ordernumber/4269894252 | Proxy URL: https://oms-external.hepsiburada.com/orders/merchantid/f225561c-5ae7-4208-9eb4-3541340b7229/ordernumber/4269894252
[HB_FETCH_REQ] Target URL: https://oms-external.hepsiburada.com/orders/merchantid/f225561c-5ae7-4208-9eb4-3541340b7229/ordernumber/4057505215 | Proxy URL: https://oms-external.hepsiburada.com/orders/merchantid/f225561c-5ae7-4208-9eb4-3541340b7229/ordernumber/4057505215
[HB_FETCH_REQ] Target URL: https://oms-external.hepsiburada.com/orders/merchantid/f225561c-5ae7-4208-9eb4-3541340b7229/ordernumber/4319156565 | Proxy URL: https://oms-external.hepsiburada.com/orders/merchantid/f225561c-5ae7-4208-9eb4-3541340b7229/ordernumber/4319156565
[HB_FETCH_REQ] Target URL: https://oms-external.hepsiburada.com/orders/merchantid/f225561c-5ae7-4208-9eb4-3541340b7229/ordernumber/4150187025 | Proxy URL: https://oms-external.hepsiburada.com/orders/merchantid/f225561c-5ae7-4208-9eb4-3541340b7229/ordernumber/4150187025
[HB_FETCH_REQ] Target URL: https://oms-external.hepsiburada.com/orders/merchantid/f225561c-5ae7-4208-9eb4-3541340b7229/cancelled?limit=50&offset=0&begindate=2026-03-01+00%3A00&enddate=2026-03-12+23%3A59 | Proxy URL: https://oms-external.hepsiburada.com/orders/merchantid/f225561c-5ae7-4208-9eb4-3541340b7229/cancelled?limit=50&offset=0&begindate=2026-03-01+00%3A00&enddate=2026-03-12+23%3A59
[HB_FETCH_REQ] Target URL: https://oms-external.hepsiburada.com/orders/merchantid/f225561c-5ae7-4208-9eb4-3541340b7229/ordernumber/4299669947 | Proxy URL: https://oms-external.hepsiburada.com/orders/merchantid/f225561c-5ae7-4208-9eb4-3541340b7229/ordernumber/4299669947
[HB_FETCH_REQ] Target URL: https://oms-external.hepsiburada.com/orders/merchantid/f225561c-5ae7-4208-9eb4-3541340b7229/ordernumber/4448396788 | Proxy URL: https://oms-external.hepsiburada.com/orders/merchantid/f225561c-5ae7-4208-9eb4-3541340b7229/ordernumber/4448396788
[HB_FETCH_REQ] Target URL: https://oms-external.hepsiburada.com/orders/merchantid/f225561c-5ae7-4208-9eb4-3541340b7229/ordernumber/4624209464 | Proxy URL: https://oms-external.hepsiburada.com/orders/merchantid/f225561c-5ae7-4208-9eb4-3541340b7229/ordernumber/4624209464
Fetched 20 orders total.
Orders missing details mapping: 2
Example missing detail order: {
  "id": "69b189b4-d017-6208-d5fd-5bdb06060606",
  "orderNumber": "4779015791",
  "customerName": "tu─şba Akalan",
  "customerEmail": "",
  "orderDate": "2026-03-11T15:26:42.000Z",
  "status": "PACKED",
  "totalAmount": 1399,
  "currency": "TRY",
  "shipmentPackageId": "5455316453",
  "shippingAddress": {
    "fullName": "ebru ─▒┼ş─▒k",
    "address": "K─▒z─▒ltoprak mah 921.sokak bar─▒┼ş─▒k apt no:6 daire 6 meydan vak─▒fbank arkas─▒  KIZILTOPRAK MURATPA┼ŞA Antalya",
    "city": "Antalya",
    "district": "MURATPA┼ŞA",
    "phone": ""
  },
  "invoiceAddress": {
    "fullName": "Tu─şba Akalan",
    "address": "ALTINOVA S─░NAN Mah. Serik Cd. Bina No : 30 Daire No : 30 Kat : 30 KEPEZ / Antalya ALTINOVA S─░NAN KEPEZ Antalya",
    "city": "Antalya",
    "district": "KEPEZ",
    "phone": ""
  },
  "items": [
    {
      "productName": "Rowe Hightec Synt Rs Dls Sae 5W-30 5 Litre Motor Ya─ş─▒ ( ├£retim Y─▒l─▒: 2023 )",
      "sku": "HBCV00004VUA3D",
      "quantity": 1,
      "price": 1399,
      "taxRate": 20,
      "discountAmount": 0
    }
  ]
}
